#
# There is insufficient memory for the Java Runtime Environment to continue.
# Native memory allocation (mmap) failed to map 132120576 bytes for G1 virtual space
# Possible reasons:
#   The system is out of physical RAM or swap space
#   The process is running with CompressedOops enabled, and the Java Heap may be blocking the growth of the native heap
# Possible solutions:
#   Reduce memory load on the system
#   Increase physical memory or swap space
#   Check if swap backing store is full
#   Decrease Java heap size (-Xmx/-Xms)
#   Decrease number of Java threads
#   Decrease Java thread stack sizes (-Xss)
#   Set larger code cache with -XX:ReservedCodeCacheSize=
#   JVM is running with Unscaled Compressed Oops mode in which the Java heap is
#     placed in the first 4GB address space. The Java Heap base address is the
#     maximum limit for the native heap growth. Please use -XX:HeapBaseMinAddress
#     to set the Java Heap base and to place the Java Heap above 4GB virtual address.
# This output file may be truncated or incomplete.
#
#  Out of Memory Error (os_windows.cpp:3536), pid=22984, tid=23784
#
# JRE version:  (19.0.2+7) (build )
# Java VM: Java HotSpot(TM) 64-Bit Server VM (19.0.2+7-44, mixed mode, sharing, tiered, compressed oops, compressed class ptrs, g1 gc, windows-amd64)
# No core dump will be written. Minidumps are not enabled by default on client versions of Windows
#

---------------  S U M M A R Y ------------

Command Line: -Dfile.encoding=UTF-8 -XX:+ShowCodeDetailsInExceptionMessages Vista.Juego

Host: 11th Gen Intel(R) Core(TM) i7-1165G7 @ 2.80GHz, 8 cores, 7G,  Windows 11 , 64 bit Build 22621 (10.0.22621.1485)
Time: Tue Apr 18 23:26:06 2023 Hora est. Pacífico, Sudamérica elapsed time: 0.027185 seconds (0d 0h 0m 0s)

---------------  T H R E A D  ---------------

Current thread (0x000001fc293edfb0):  JavaThread "Unknown thread" [_thread_in_vm, id=23784, stack(0x000000c364700000,0x000000c364800000)]

Stack: [0x000000c364700000,0x000000c364800000]
Native frames: (J=compiled Java code, j=interpreted, Vv=VM code, C=native code)
V  [jvm.dll+0x6ee21a]
V  [jvm.dll+0x85765e]
V  [jvm.dll+0x85904e]
V  [jvm.dll+0x859703]
V  [jvm.dll+0x28298f]
V  [jvm.dll+0x6eb009]
V  [jvm.dll+0x6dfbaa]
V  [jvm.dll+0x3573f6]
V  [jvm.dll+0x35ee56]
V  [jvm.dll+0x3b541e]
V  [jvm.dll+0x3b564f]
V  [jvm.dll+0x32c9ea]
V  [jvm.dll+0x32d89e]
V  [jvm.dll+0x821780]
V  [jvm.dll+0x3c2661]
V  [jvm.dll+0x801f51]
V  [jvm.dll+0x44ae8f]
V  [jvm.dll+0x44c811]
C  [jli.dll+0x5287]
C  [ucrtbase.dll+0x29363]
C  [KERNEL32.DLL+0x1269d]
C  [ntdll.dll+0x5a9f8]


---------------  P R O C E S S  ---------------

Threads class SMR info:
_java_thread_list=0x00007ffbac72d048, length=0, elements={
}

Java Threads: ( => current thread )

Other Threads:
  0x000001fc2944f980 WorkerThread "GC Thread#0" [stack: 0x000000c364800000,0x000000c364900000] [id=27316]
  0x000001fc29460d90 ConcurrentGCThread "G1 Main Marker" [stack: 0x000000c364900000,0x000000c364a00000] [id=9444]
  0x000001fc294617c0 WorkerThread "G1 Conc#0" [stack: 0x000000c364a00000,0x000000c364b00000] [id=26588]

[error occurred during error reporting (printing all threads), id 0xc0000005, EXCEPTION_ACCESS_VIOLATION (0xc0000005) at pc=0x00007ffbabeed427]

VM state: not at safepoint (not fully initialized)

VM Mutex/Monitor currently owned by a thread:  ([mutex/lock_event])
[0x000001fc293e9940] Heap_lock - owner thread: 0x000001fc293edfb0

Heap address: 0x0000000083600000, size: 1994 MB, Compressed Oops mode: 32-bit

CDS archive(s) mapped at: [0x0000000000000000-0x0000000000000000-0x0000000000000000), size 0, SharedBaseAddress: 0x0000000800000000, ArchiveRelocationMode: 0.
Narrow klass base: 0x0000000000000000, Narrow klass shift: 0, Narrow klass range: 0x0

GC Precious Log:
 CardTable entry size: 512
 Card Set container configuration: InlinePtr #cards 5 size 8 Array Of Cards #cards 12 size 40 Howl #buckets 4 coarsen threshold 1843 Howl Bitmap #cards 512 size 80 coarsen threshold 460 Card regions per heap region 1 cards per card region 2048

Heap:
 garbage-first heap   total 0K, used 0K [0x0000000083600000, 0x0000000100000000)
  region size 1024K, 0 young (0K), 0 survivors (0K)

[error occurred during error reporting (printing heap information), id 0xc0000005, EXCEPTION_ACCESS_VIOLATION (0xc0000005) at pc=0x00007ffbac2f6649]

GC Heap History (0 events):
No events

Dll operation events (1 events):
Event: 0.017 Loaded shared library C:\Program Files\Java\jdk-19\bin\java.dll

Deoptimization events (0 events):
No events

Classes loaded (0 events):
No events

Classes unloaded (0 events):
No events

Classes redefined (0 events):
No events

Internal exceptions (0 events):
No events

VM Operations (0 events):
No events

Events (0 events):
No events


Dynamic libraries:
0x00007ff6d8ad0000 - 0x00007ff6d8ae0000 	C:\Program Files\Java\jdk-19\bin\javaw.exe
0x00007ffc404b0000 - 0x00007ffc406c4000 	C:\WINDOWS\SYSTEM32\ntdll.dll
0x00007ffc32a60000 - 0x00007ffc32a79000 	C:\Program Files\Avast Software\Avast\aswhook.dll
0x00007ffc3ecc0000 - 0x00007ffc3ed82000 	C:\WINDOWS\System32\KERNEL32.DLL
0x00007ffc3dce0000 - 0x00007ffc3e07c000 	C:\WINDOWS\System32\KERNELBASE.dll
0x00007ffc3d8f0000 - 0x00007ffc3da01000 	C:\WINDOWS\System32\ucrtbase.dll
0x00007ffc33c30000 - 0x00007ffc33c4b000 	C:\Program Files\Java\jdk-19\bin\VCRUNTIME140.dll
0x00007ffc33c50000 - 0x00007ffc33c68000 	C:\Program Files\Java\jdk-19\bin\jli.dll
0x00007ffc3f1a0000 - 0x00007ffc3f24e000 	C:\WINDOWS\System32\ADVAPI32.dll
0x00007ffc3ef70000 - 0x00007ffc3f017000 	C:\WINDOWS\System32\msvcrt.dll
0x00007ffc3eb10000 - 0x00007ffc3ebb4000 	C:\WINDOWS\System32\sechost.dll
0x00007ffc3fea0000 - 0x00007ffc3ffb7000 	C:\WINDOWS\System32\RPCRT4.dll
0x00007ffc3e7b0000 - 0x00007ffc3e95b000 	C:\WINDOWS\System32\USER32.dll
0x00007ffc3e290000 - 0x00007ffc3e2b6000 	C:\WINDOWS\System32\win32u.dll
0x00007ffc3fdf0000 - 0x00007ffc3fe19000 	C:\WINDOWS\System32\GDI32.dll
0x00007ffc21d70000 - 0x00007ffc21ffe000 	C:\WINDOWS\WinSxS\amd64_microsoft.windows.common-controls_6595b64144ccf1df_6.0.22621.608_none_a9444ca7c10bb01d\COMCTL32.dll
0x00007ffc3da10000 - 0x00007ffc3db23000 	C:\WINDOWS\System32\gdi32full.dll
0x00007ffc3e1f0000 - 0x00007ffc3e28a000 	C:\WINDOWS\System32\msvcp_win.dll
0x00007ffc3c650000 - 0x00007ffc3c65a000 	C:\WINDOWS\SYSTEM32\VERSION.dll
0x00007ffc3e770000 - 0x00007ffc3e7a1000 	C:\WINDOWS\System32\IMM32.DLL
0x00007ffc34ea0000 - 0x00007ffc34eac000 	C:\Program Files\Java\jdk-19\bin\vcruntime140_1.dll
0x00007ffbdf4c0000 - 0x00007ffbdf54e000 	C:\Program Files\Java\jdk-19\bin\msvcp140.dll
0x00007ffbabbb0000 - 0x00007ffbac870000 	C:\Program Files\Java\jdk-19\bin\server\jvm.dll
0x00007ffc329f0000 - 0x00007ffc32a24000 	C:\WINDOWS\SYSTEM32\WINMM.dll
0x00007ffc1f6b0000 - 0x00007ffc1f6b9000 	C:\WINDOWS\SYSTEM32\WSOCK32.dll
0x00007ffc3f020000 - 0x00007ffc3f091000 	C:\WINDOWS\System32\WS2_32.dll
0x00007ffc3ca30000 - 0x00007ffc3ca48000 	C:\WINDOWS\SYSTEM32\kernel.appcore.dll
0x00007ffc365c0000 - 0x00007ffc365ca000 	C:\Program Files\Java\jdk-19\bin\jimage.dll
0x00007ffc3b090000 - 0x00007ffc3b2be000 	C:\WINDOWS\SYSTEM32\DBGHELP.DLL
0x00007ffc3ffc0000 - 0x00007ffc40349000 	C:\WINDOWS\System32\combase.dll
0x00007ffc3f0a0000 - 0x00007ffc3f177000 	C:\WINDOWS\System32\OLEAUT32.dll
0x00007ffc2b920000 - 0x00007ffc2b952000 	C:\WINDOWS\SYSTEM32\dbgcore.DLL
0x00007ffc3db30000 - 0x00007ffc3dbab000 	C:\WINDOWS\System32\bcryptPrimitives.dll
0x00007ffc23120000 - 0x00007ffc23146000 	C:\Program Files\Java\jdk-19\bin\java.dll

dbghelp: loaded successfully - version: 4.0.5 - missing functions: none
symbol engine: initialized successfully - sym options: 0x614 - pdb path: .;C:\Program Files\Java\jdk-19\bin;C:\WINDOWS\SYSTEM32;C:\Program Files\Avast Software\Avast;C:\WINDOWS\WinSxS\amd64_microsoft.windows.common-controls_6595b64144ccf1df_6.0.22621.608_none_a9444ca7c10bb01d;C:\Program Files\Java\jdk-19\bin\server

VM Arguments:
jvm_args: -Dfile.encoding=UTF-8 -XX:+ShowCodeDetailsInExceptionMessages 
java_command: Vista.Juego
java_class_path (initial): C:\Users\santi\OneDrive - Universidad de los Andes\Semestres\Sem 3\DPOO\Talleres\Taller 4\bin
Launcher Type: SUN_STANDARD

[Global flags]
     intx CICompilerCount                          = 4                                         {product} {ergonomic}
     uint ConcGCThreads                            = 2                                         {product} {ergonomic}
     uint G1ConcRefinementThreads                  = 8                                         {product} {ergonomic}
   size_t G1HeapRegionSize                         = 1048576                                   {product} {ergonomic}
    uintx GCDrainStackTargetSize                   = 64                                        {product} {ergonomic}
   size_t InitialHeapSize                          = 132120576                                 {product} {ergonomic}
   size_t MarkStackSize                            = 4194304                                   {product} {ergonomic}
   size_t MaxHeapSize                              = 2090860544                                {product} {ergonomic}
   size_t MinHeapDeltaBytes                        = 1048576                                   {product} {ergonomic}
   size_t MinHeapSize                              = 8388608                                   {product} {ergonomic}
    uintx NonNMethodCodeHeapSize                   = 5839372                                {pd product} {ergonomic}
    uintx NonProfiledCodeHeapSize                  = 122909434                              {pd product} {ergonomic}
    uintx ProfiledCodeHeapSize                     = 122909434                              {pd product} {ergonomic}
    uintx ReservedCodeCacheSize                    = 251658240                              {pd product} {ergonomic}
     bool SegmentedCodeCache                       = true                                      {product} {ergonomic}
     bool ShowCodeDetailsInExceptionMessages       = true                                   {manageable} {command line}
   size_t SoftMaxHeapSize                          = 2090860544                             {manageable} {ergonomic}
     bool UseCompressedClassPointers               = true                           {product lp64_product} {ergonomic}
     bool UseCompressedOops                        = true                           {product lp64_product} {ergonomic}
     bool UseG1GC                                  = true                                      {product} {ergonomic}
     bool UseLargePagesIndividualAllocation        = false                                  {pd product} {ergonomic}

Logging:
Log output configuration:
 #0: stdout all=warning uptime,level,tags foldmultilines=false
 #1: stderr all=off uptime,level,tags foldmultilines=false

Environment Variables:
PATH=C:/Program Files/Java/jdk-19/bin/server;C:/Program Files/Java/jdk-19/bin;C:\Program Files (x86)\Common Files\Oracle\Java\javapath;C:\Program Files\Common Files\Oracle\Java\javapath;C:\Windows\system32;C:\Windows;C:\Windows\System32\Wbem;C:\Windows\System32\WindowsPowerShell\v1.0\;C:\Windows\System32\OpenSSH\;C:\Program Files (x86)\NVIDIA Corporation\PhysX\Common;C:\Program Files\NVIDIA Corporation\NVIDIA NvDLISR;C:\WINDOWS\system32;C:\WINDOWS;C:\WINDOWS\System32\Wbem;C:\WINDOWS\System32\WindowsPowerShell\v1.0\;C:\WINDOWS\System32\OpenSSH\;C:\Program Files\Git\cmd;C:\Program Files\dotnet\;C:\Program Files (x86)\dotnet\;C:\Users\santi\AppData\Local\Microsoft\WindowsApps;C:\Users\santi\AppData\Local\Programs\Microsoft VS Code\bin;C:\Users\santi\AppData\Local\GitHubDesktop\bin;C:\WINDOWS\system32;
USERNAME=santi
OS=Windows_NT
PROCESSOR_IDENTIFIER=Intel64 Family 6 Model 140 Stepping 1, GenuineIntel
TMP=C:\Users\santi\AppData\Local\Temp
TEMP=C:\Users\santi\AppData\Local\Temp



---------------  S Y S T E M  ---------------

OS:
 Windows 11 , 64 bit Build 22621 (10.0.22621.1485)
OS uptime: 0 days 5:44 hours

CPU: total 8 (initial active 8) (4 cores per cpu, 2 threads per core) family 6 model 140 stepping 1 microcode 0x8a, cx8, cmov, fxsr, ht, mmx, 3dnowpref, sse, sse2, sse3, ssse3, sse4.1, sse4.2, popcnt, lzcnt, tsc, tscinvbit, avx, avx2, aes, erms, clmul, bmi1, bmi2, adx, avx512f, avx512dq, avx512cd, avx512bw, avx512vl, sha, fma, vzeroupper, avx512_vpopcntdq, avx512_vpclmulqdq, avx512_vaes, avx512_vnni, clflush, clflushopt, clwb, avx512_vbmi2, avx512_vbmi, rdtscp, rdpid, fsrm, gfni, avx512_bitalg

Memory: 4k page, system-wide physical 7971M (848M free)
TotalPageFile size 32547M (AvailPageFile size 81M)
current process WorkingSet (physical memory assigned to process): 11M, peak: 11M
current process commit charge ("private bytes"): 60M, peak: 186M

vm_info: Java HotSpot(TM) 64-Bit Server VM (19.0.2+7-44) for windows-amd64 JRE (19.0.2+7-44), built on 2022-11-30T18:02:09Z by "mach5one" with MS VC++ 17.1 (VS2022)

END.
